e:\codefile\飞机大战\x64\debug\vc143.pdb
e:\codefile\飞机大战\x64\debug\vc143.idb
e:\codefile\飞机大战\x64\debug\playerplane.obj
e:\codefile\飞机大战\x64\debug\playerapp.obj
e:\codefile\飞机大战\x64\debug\gunnerbox.obj
e:\codefile\飞机大战\x64\debug\gunner.obj
e:\codefile\飞机大战\x64\debug\main.obj
e:\codefile\飞机大战\x64\debug\foeplanesma.obj
e:\codefile\飞机大战\x64\debug\foeplanemid.obj
e:\codefile\飞机大战\x64\debug\foeplanebig.obj
e:\codefile\飞机大战\x64\debug\foeplane.obj
e:\codefile\飞机大战\x64\debug\background.obj
e:\codefile\飞机大战\x64\debug\飞机大战.exe
e:\codefile\飞机大战\x64\debug\飞机大战.ilk
e:\codefile\飞机大战\x64\debug\飞机大战.pdb
e:\codefile\飞机大战\x64\debug\飞机大战.tlog\cl.command.1.tlog
e:\codefile\飞机大战\x64\debug\飞机大战.tlog\cl.read.1.tlog
e:\codefile\飞机大战\x64\debug\飞机大战.tlog\cl.write.1.tlog
e:\codefile\飞机大战\x64\debug\飞机大战.tlog\link.command.1.tlog
e:\codefile\飞机大战\x64\debug\飞机大战.tlog\link.read.1.tlog
e:\codefile\飞机大战\x64\debug\飞机大战.tlog\link.write.1.tlog
