e:\codefile\im\x64\debug\vc143.pdb
e:\codefile\im\x64\debug\vc143.idb
e:\codefile\im\x64\debug\tcpservernet.obj
e:\codefile\im\x64\debug\tcpclientnet.obj
e:\codefile\im\x64\debug\udpnet.obj
e:\codefile\im\x64\debug\cmysql.obj
e:\codefile\im\x64\debug\tcpservermediator.obj
e:\codefile\im\x64\debug\tcpclientmediator.obj
e:\codefile\im\x64\debug\udpmediator.obj
e:\codefile\im\x64\debug\main.obj
e:\codefile\im\x64\debug\ckernel.obj
e:\codefile\im\x64\debug\im.ilk
e:\codefile\im\x64\debug\im.exe
e:\codefile\im\x64\debug\im.pdb
e:\codefile\im\x64\debug\im.tlog\cl.command.1.tlog
e:\codefile\im\x64\debug\im.tlog\cl.read.1.tlog
e:\codefile\im\x64\debug\im.tlog\cl.write.1.tlog
e:\codefile\im\x64\debug\im.tlog\link.command.1.tlog
e:\codefile\im\x64\debug\im.tlog\link.read.1.tlog
e:\codefile\im\x64\debug\im.tlog\link.write.1.tlog
