e:\codefile\飞机大战\debug\vc143.pdb
e:\codefile\飞机大战\debug\vc143.idb
e:\codefile\飞机大战\debug\playerplane.obj
e:\codefile\飞机大战\debug\planeapp.obj
e:\codefile\飞机大战\debug\gunnerbox.obj
e:\codefile\飞机大战\debug\gunner.obj
e:\codefile\飞机大战\debug\main.obj
e:\codefile\飞机大战\debug\foeplanesma.obj
e:\codefile\飞机大战\debug\foeplanemid.obj
e:\codefile\飞机大战\debug\foeplanebox.obj
e:\codefile\飞机大战\debug\foeplanebig.obj
e:\codefile\飞机大战\debug\foeplane.obj
e:\codefile\飞机大战\debug\background.obj
e:\codefile\飞机大战\debug\飞机大战.exe
e:\codefile\飞机大战\debug\飞机大战.ilk
e:\codefile\飞机大战\debug\飞机大战.pdb
e:\codefile\飞机大战\debug\飞机大战.tlog\cl.command.1.tlog
e:\codefile\飞机大战\debug\飞机大战.tlog\cl.read.1.tlog
e:\codefile\飞机大战\debug\飞机大战.tlog\cl.write.1.tlog
e:\codefile\飞机大战\debug\飞机大战.tlog\link.command.1.tlog
e:\codefile\飞机大战\debug\飞机大战.tlog\link.read.1.tlog
e:\codefile\飞机大战\debug\飞机大战.tlog\link.write.1.tlog
